2023-09-02 17:45:02 +0000  Initial pipeline context: <IDEDistributionProcessingPipelineContext: 0x2c5b7a680; archive(resolved)="<IDEArchive: 0x6000188db000>", distributionTask(resolved)="2", distributionDestination(resolved)="1", distributionMethod(resolved)="<IDEDistributionMethodDevelopmentSigned: 0x60000afde010>", team(resolved)="<IDEProvisioningDisambiguatableBasicTeam: 0x60000329a8c0; teamID='32PZ6J2NBN', teamName='Zain Alsaad', teamType='Individual', username='zainalsaad74@yahoo.com', isFreeProvisioningTeam='0'>">
	Chain (14, self inclusive):
	<IDEDistributionProcessingPipelineContext: 0x2c5b7a680; archive = "<IDEArchive: 0x6000188db000>", distributionMethod="<IDEDistributionMethodDevelopmentSigned: 0x60000afde010>", team="<IDEProvisioningDisambiguatableBasicTeam: 0x60000329a8c0; teamID='32PZ6J2NBN', teamName='Zain Alsaad', teamType='Individual', username='zainalsaad74@yahoo.com', isFreeProvisioningTeam='0'>">
	<IDEDistributionProcessingPipelineContext: 0x2c7779b10; archive = "<IDEArchive: 0x6000188db000>", distributionMethod="<IDEDistributionMethodDevelopmentSigned: 0x60000afde010>", team="<IDEProvisioningDisambiguatableBasicTeam: 0x60000329a8c0; teamID='32PZ6J2NBN', teamName='Zain Alsaad', teamType='Individual', username='zainalsaad74@yahoo.com', isFreeProvisioningTeam='0'>">
	<IDEDistributionContext: 0x134779d50; archive = "<IDEArchive: 0x6000188db000>", distributionMethod="<IDEDistributionMethodDevelopmentSigned: 0x60000afde010>", team="<IDEProvisioningDisambiguatableBasicTeam: 0x60000329a8c0; teamID='32PZ6J2NBN', teamName='Zain Alsaad', teamType='Individual', username='zainalsaad74@yahoo.com', isFreeProvisioningTeam='0'>">
	<IDEDistributionContext: 0x2c72b72c0; archive = "<IDEArchive: 0x6000188db000>", distributionMethod="<IDEDistributionMethodDevelopmentSigned: 0x60000afde010>", team="<IDEProvisioningDisambiguatableBasicTeam: 0x60000329a8c0; teamID='32PZ6J2NBN', teamName='Zain Alsaad', teamType='Individual', username='zainalsaad74@yahoo.com', isFreeProvisioningTeam='0'>">
	<IDEDistributionContext: 0x2c7219d80; archive = "<IDEArchive: 0x6000188db000>", distributionMethod="<IDEDistributionMethodDevelopmentSigned: 0x60000afde010>", team="<IDEProvisioningDisambiguatableBasicTeam: 0x60000329a8c0; teamID='32PZ6J2NBN', teamName='Zain Alsaad', teamType='Individual', username='zainalsaad74@yahoo.com', isFreeProvisioningTeam='0'>">
	<IDEDistributionContext: 0x2cbdbaa90; archive = "<IDEArchive: 0x6000188db000>", distributionMethod="<IDEDistributionMethodDevelopmentSigned: 0x60000afde010>", team="<IDEProvisioningDisambiguatableBasicTeam: 0x60000329a8c0; teamID='32PZ6J2NBN', teamName='Zain Alsaad', teamType='Individual', username='zainalsaad74@yahoo.com', isFreeProvisioningTeam='0'>">
	<IDEDistributionContext: 0x16fff2f00; archive = "<IDEArchive: 0x6000188db000>", distributionMethod="<IDEDistributionMethodDevelopmentSigned: 0x60000afde010>", team="<IDEProvisioningDisambiguatableBasicTeam: 0x60000329a8c0; teamID='32PZ6J2NBN', teamName='Zain Alsaad', teamType='Individual', username='zainalsaad74@yahoo.com', isFreeProvisioningTeam='0'>">
	<IDEDistributionContext: 0x1358ec450; archive = "<IDEArchive: 0x6000188db000>", distributionMethod="<IDEDistributionMethodDevelopmentSigned: 0x60000afde010>", team="<IDEProvisioningDisambiguatableBasicTeam: 0x60000329a8c0; teamID='32PZ6J2NBN', teamName='Zain Alsaad', teamType='Individual', username='zainalsaad74@yahoo.com', isFreeProvisioningTeam='0'>">
	<IDEDistributionContext: 0x127ef6010; archive = "<IDEArchive: 0x6000188db000>", distributionMethod="<IDEDistributionMethodDevelopmentSigned: 0x60000afde010>", team="<IDEProvisioningDisambiguatableBasicTeam: 0x60000329a8c0; teamID='32PZ6J2NBN', teamName='Zain Alsaad', teamType='Individual', username='zainalsaad74@yahoo.com', isFreeProvisioningTeam='0'>">
	<IDEDistributionContext: 0x16813e2f0; archive = "<IDEArchive: 0x6000188db000>", distributionMethod="<IDEDistributionMethodDevelopmentSigned: 0x60000afde010>", team="(null)">
	<IDEDistributionContext: 0x1681f5cc0; archive = "<IDEArchive: 0x6000188db000>", distributionMethod="<IDEDistributionMethodDevelopmentSigned: 0x60000afde010>", team="(null)">
	<IDEDistributionContext: 0x2c9e8cf00; archive = "<IDEArchive: 0x6000188db000>", distributionMethod="<IDEDistributionMethodDevelopmentSigned: 0x60000afde010>", team="(null)">
	<IDEDistributionContext: 0x16811aa20; archive = "<IDEArchive: 0x6000188db000>", distributionMethod="<IDEDistributionMethodDevelopmentSigned: 0x60000afde010>", team="(null)">
	<IDEDistributionContext: 0x1561654b0; archive = "<IDEArchive: 0x6000188db000>", distributionMethod="(null)", team="(null)">
</IDEDistributionProcessingPipelineContext: 0x2c5b7a680>
2023-09-02 17:45:02 +0000  Processing step: IDEDistributionCreateDestRootStep
2023-09-02 17:45:02 +0000  Processing step: IDEDistributionCopyItemStep
2023-09-02 17:45:02 +0000  Running /usr/bin/ditto '-V' '/Users/zainalsaad/Library/Developer/Xcode/Archives/2023-09-02/UniversityAI (iOS) 9-2-23, 10.47 AM.xcarchive/Products/Applications/UniversityAI.app' '/var/folders/3h/s4704hwj62jfhx8jzlxt3wj40000gn/T/XcodeDistPipeline.~~~4YGXGA/Root/Payload/UniversityAI.app'
2023-09-02 17:45:02 +0000  >>> Copying /Users/zainalsaad/Library/Developer/Xcode/Archives/2023-09-02/UniversityAI (iOS) 9-2-23, 10.47 AM.xcarchive/Products/Applications/UniversityAI.app 
2023-09-02 17:45:02 +0000  copying file ./_CodeSignature/CodeResources ... 
2023-09-02 17:45:02 +0000  2775 bytes for ./_CodeSignature/CodeResources
2023-09-02 17:45:02 +0000  copying file ./AppIcon60x60@2x.png ... 
2023-09-02 17:45:02 +0000  21609 bytes for ./AppIcon60x60@2x.png
2023-09-02 17:45:02 +0000  copying file ./Assets.car ... 
2023-09-02 17:45:02 +0000  1284607 bytes for ./Assets.car
2023-09-02 17:45:02 +0000  copying file ./AppIcon76x76@2x~ipad.png ... 
2023-09-02 17:45:02 +0000  30055 bytes for ./AppIcon76x76@2x~ipad.png
2023-09-02 17:45:02 +0000  copying file ./embedded.mobileprovision ... 
2023-09-02 17:45:02 +0000  16178 bytes for ./embedded.mobileprovision
2023-09-02 17:45:02 +0000  copying file ./UniversityAI ... 
2023-09-02 17:45:02 +0000  1182352 bytes for ./UniversityAI
2023-09-02 17:45:02 +0000  copying file ./Info.plist ... 
2023-09-02 17:45:02 +0000  1642 bytes for ./Info.plist
2023-09-02 17:45:02 +0000  copying file ./PkgInfo ... 
2023-09-02 17:45:02 +0000  8 bytes for ./PkgInfo
2023-09-02 17:45:02 +0000  /usr/bin/ditto exited with 0
2023-09-02 17:45:02 +0000  Processing step: IDEDistributionEmbedProfileStep
2023-09-02 17:45:02 +0000  Processing step: IDEDistributionInfoPlistStep
2023-09-02 17:45:02 +0000  Skipping step: IDEDistributionInfoPlistStep because it said so
2023-09-02 17:45:02 +0000  Processing step: IDEDistributionAppThinningPlistStep
2023-09-02 17:45:02 +0000  Skipping step: IDEDistributionAppThinningPlistStep because it said so
2023-09-02 17:45:02 +0000  Processing step: IDEDistributionCompileBitcodeStep
2023-09-02 17:45:02 +0000  Skipping step: IDEDistributionCompileBitcodeStep because it said so
2023-09-02 17:45:02 +0000  Processing step: IDEDistributionCodeSlimmingStep
2023-09-02 17:45:02 +0000  Processing step: IDEDistributionCopyBCSymbolMapsStep
2023-09-02 17:45:02 +0000  Skipping step: IDEDistributionCopyBCSymbolMapsStep because it said so
2023-09-02 17:45:02 +0000  Processing step: IDEDistributionSymbolsStep
2023-09-02 17:45:02 +0000  Skipping step: IDEDistributionSymbolsStep because it said so
2023-09-02 17:45:02 +0000  Processing step: IDEDistributionAppThinningStep
2023-09-02 17:45:02 +0000  Skipping step: IDEDistributionAppThinningStep because it said so
2023-09-02 17:45:02 +0000  Processing step: IDEDistributionArchThinningStep
2023-09-02 17:45:02 +0000  Running /Applications/Xcode.app/Contents/Developer/Toolchains/XcodeDefault.xctoolchain/usr/bin/lipo '/var/folders/3h/s4704hwj62jfhx8jzlxt3wj40000gn/T/XcodeDistPipeline.~~~4YGXGA/Root/Payload/UniversityAI.app/UniversityAI' '-verify_arch' 'arm64e'
2023-09-02 17:45:02 +0000  /Applications/Xcode.app/Contents/Developer/Toolchains/XcodeDefault.xctoolchain/usr/bin/lipo exited with 1
2023-09-02 17:45:02 +0000  Skipping architecture thinning for item "UniversityAI" because arch "arm64e" wasn't found
2023-09-02 17:45:02 +0000  Processing step: IDEDistributionODRStep
2023-09-02 17:45:02 +0000  Processing step: IDEDistributionStripXattrsStep
2023-09-02 17:45:02 +0000  Running /usr/bin/xattr '-crs' '/var/folders/3h/s4704hwj62jfhx8jzlxt3wj40000gn/T/XcodeDistPipeline.~~~4YGXGA/Root/Payload/UniversityAI.app'
2023-09-02 17:45:02 +0000  /usr/bin/xattr exited with 0
2023-09-02 17:45:02 +0000  Processing step: IDEDistributionCodesignStep
2023-09-02 17:45:02 +0000  Entitlements for <IDEDistributionItem: 0x600018812820; bundleID='com.alsaadza.universityai', path='<DVTFilePath:0x600004554a10:'/Users/zainalsaad/Library/Developer/Xcode/Archives/2023-09-02/UniversityAI (iOS) 9-2-23, 10.47 AM.xcarchive/Products/Applications/UniversityAI.app'>', codeSigningInfo='<_DVTCodeSigningInformation_Path: 0x6000a8b2d270; isSigned='1', isAdHocSigned='0', signingCertificate='<DVTSigningCertificate: 0x600001a9d760; name='Apple Development: zainalsaad74@yahoo.com (WCBN9F57WR)', hash='6E8DDFCF29D9FF9A18E6634CC0BB9B8578995625', serialNumber='56BA8B7BFF8D7D60425C600CA0A5A435', certificateKinds='(
    "1.2.840.113635.100.6.1.12",
    "1.2.840.113635.100.6.1.2"
), issueDate='2022-09-10 17:09:33 +0000''>', entitlements='{
    "application-identifier" = "32PZ6J2NBN.com.alsaadza.universityai";
    "com.apple.developer.team-identifier" = 32PZ6J2NBN;
    "get-task-allow" = 1;
}', teamID='32PZ6J2NBN', identifier='com.alsaadza.universityai', executablePath='<DVTFilePath:0x600004609ce0:'/Users/zainalsaad/Library/Developer/Xcode/Archives/2023-09-02/UniversityAI (iOS) 9-2-23, 10.47 AM.xcarchive/Products/Applications/UniversityAI.app/UniversityAI'>', hardenedRuntime='0'>'>: {
    "application-identifier" = "32PZ6J2NBN.com.alsaadza.universityai";
    "com.apple.developer.team-identifier" = 32PZ6J2NBN;
    "get-task-allow" = 1;
}
2023-09-02 17:45:02 +0000  Entitlements for <IDEDistributionItem: 0x600018812820; bundleID='com.alsaadza.universityai', path='<DVTFilePath:0x600004554a10:'/Users/zainalsaad/Library/Developer/Xcode/Archives/2023-09-02/UniversityAI (iOS) 9-2-23, 10.47 AM.xcarchive/Products/Applications/UniversityAI.app'>', codeSigningInfo='<_DVTCodeSigningInformation_Path: 0x6000a8b2d270; isSigned='1', isAdHocSigned='0', signingCertificate='<DVTSigningCertificate: 0x600001a9e730; name='Apple Development: zainalsaad74@yahoo.com (WCBN9F57WR)', hash='6E8DDFCF29D9FF9A18E6634CC0BB9B8578995625', serialNumber='56BA8B7BFF8D7D60425C600CA0A5A435', certificateKinds='(
    "1.2.840.113635.100.6.1.12",
    "1.2.840.113635.100.6.1.2"
), issueDate='2022-09-10 17:09:33 +0000''>', entitlements='{
    "application-identifier" = "32PZ6J2NBN.com.alsaadza.universityai";
    "com.apple.developer.team-identifier" = 32PZ6J2NBN;
    "get-task-allow" = 1;
}', teamID='32PZ6J2NBN', identifier='com.alsaadza.universityai', executablePath='<DVTFilePath:0x600004609ce0:'/Users/zainalsaad/Library/Developer/Xcode/Archives/2023-09-02/UniversityAI (iOS) 9-2-23, 10.47 AM.xcarchive/Products/Applications/UniversityAI.app/UniversityAI'>', hardenedRuntime='0'>'> are: {
    "application-identifier" = "32PZ6J2NBN.com.alsaadza.universityai";
    "com.apple.developer.team-identifier" = 32PZ6J2NBN;
    "get-task-allow" = 1;
}
2023-09-02 17:45:02 +0000  Writing entitlements for <IDEDistributionItem: 0x600018812820; bundleID='com.alsaadza.universityai', path='<DVTFilePath:0x600004554a10:'/Users/zainalsaad/Library/Developer/Xcode/Archives/2023-09-02/UniversityAI (iOS) 9-2-23, 10.47 AM.xcarchive/Products/Applications/UniversityAI.app'>', codeSigningInfo='<_DVTCodeSigningInformation_Path: 0x6000a8b2d270; isSigned='1', isAdHocSigned='0', signingCertificate='<DVTSigningCertificate: 0x600001a9f230; name='Apple Development: zainalsaad74@yahoo.com (WCBN9F57WR)', hash='6E8DDFCF29D9FF9A18E6634CC0BB9B8578995625', serialNumber='56BA8B7BFF8D7D60425C600CA0A5A435', certificateKinds='(
    "1.2.840.113635.100.6.1.12",
    "1.2.840.113635.100.6.1.2"
), issueDate='2022-09-10 17:09:33 +0000''>', entitlements='{
    "application-identifier" = "32PZ6J2NBN.com.alsaadza.universityai";
    "com.apple.developer.team-identifier" = 32PZ6J2NBN;
    "get-task-allow" = 1;
}', teamID='32PZ6J2NBN', identifier='com.alsaadza.universityai', executablePath='<DVTFilePath:0x600004609ce0:'/Users/zainalsaad/Library/Developer/Xcode/Archives/2023-09-02/UniversityAI (iOS) 9-2-23, 10.47 AM.xcarchive/Products/Applications/UniversityAI.app/UniversityAI'>', hardenedRuntime='0'>'> to: /var/folders/3h/s4704hwj62jfhx8jzlxt3wj40000gn/T/XcodeDistPipeline.~~~4YGXGA/entitlements~~~AzBdzl
2023-09-02 17:45:02 +0000  Running /usr/bin/codesign '-vvv' '--force' '--sign' '6E8DDFCF29D9FF9A18E6634CC0BB9B8578995625' '--entitlements' '/var/folders/3h/s4704hwj62jfhx8jzlxt3wj40000gn/T/XcodeDistPipeline.~~~4YGXGA/entitlements~~~AzBdzl' '--generate-entitlement-der' '--preserve-metadata=identifier,flags,runtime' '/var/folders/3h/s4704hwj62jfhx8jzlxt3wj40000gn/T/XcodeDistPipeline.~~~4YGXGA/Root/Payload/UniversityAI.app'
2023-09-02 17:45:02 +0000  /var/folders/3h/s4704hwj62jfhx8jzlxt3wj40000gn/T/XcodeDistPipeline.~~~4YGXGA/Root/Payload/UniversityAI.app: replacing existing signature
2023-09-02 17:45:02 +0000  /var/folders/3h/s4704hwj62jfhx8jzlxt3wj40000gn/T/XcodeDistPipeline.~~~4YGXGA/Root/Payload/UniversityAI.app: signed app bundle with Mach-O thin (arm64) [com.alsaadza.universityai]
2023-09-02 17:45:02 +0000  /usr/bin/codesign exited with 0
2023-09-02 17:45:02 +0000  Processing step: IDEDistributionZipODRItemStep
2023-09-02 17:45:02 +0000  Skipping step: IDEDistributionZipODRItemStep because it said so
2023-09-02 17:45:02 +0000  Processing step: IDEDistributionCreateIPAStep
2023-09-02 17:45:02 +0000  Running /usr/bin/ditto '-V' '-c' '-k' '--norsrc' '/var/folders/3h/s4704hwj62jfhx8jzlxt3wj40000gn/T/XcodeDistPipeline.~~~4YGXGA/Root' '/var/folders/3h/s4704hwj62jfhx8jzlxt3wj40000gn/T/XcodeDistPipeline.~~~4YGXGA/Packages/UniversityAI.ipa'
2023-09-02 17:45:02 +0000  >>> Copying /var/folders/3h/s4704hwj62jfhx8jzlxt3wj40000gn/T/XcodeDistPipeline.~~~4YGXGA/Root 
2023-09-02 17:45:02 +0000  copying file ./Payload/UniversityAI.app/_CodeSignature/CodeResources ... 
2023-09-02 17:45:02 +0000  2775 bytes for ./Payload/UniversityAI.app/_CodeSignature/CodeResources
2023-09-02 17:45:02 +0000  copying file ./Payload/UniversityAI.app/AppIcon60x60@2x.png ... 
2023-09-02 17:45:02 +0000  21609 bytes for ./Payload/UniversityAI.app/AppIcon60x60@2x.png
2023-09-02 17:45:02 +0000  copying file ./Payload/UniversityAI.app/Assets.car ... 
2023-09-02 17:45:02 +0000  1284607 bytes for ./Payload/UniversityAI.app/Assets.car
copying file ./Payload/UniversityAI.app/AppIcon76x76@2x~ipad.png ... 
2023-09-02 17:45:02 +0000  30055 bytes for ./Payload/UniversityAI.app/AppIcon76x76@2x~ipad.png
copying file ./Payload/UniversityAI.app/embedded.mobileprovision ... 
2023-09-02 17:45:02 +0000  16178 bytes for ./Payload/UniversityAI.app/embedded.mobileprovision
copying file ./Payload/UniversityAI.app/UniversityAI ... 
2023-09-02 17:45:02 +0000  1182352 bytes for ./Payload/UniversityAI.app/UniversityAI
copying file ./Payload/UniversityAI.app/Info.plist ... 
2023-09-02 17:45:02 +0000  1642 bytes for ./Payload/UniversityAI.app/Info.plist
2023-09-02 17:45:02 +0000  copying file ./Payload/UniversityAI.app/PkgInfo ... 
8 bytes for ./Payload/UniversityAI.app/PkgInfo
2023-09-02 17:45:02 +0000  /usr/bin/ditto exited with 0
2023-09-02 17:45:02 +0000  Processing step: IDEDistributionAppStoreInformationStep
2023-09-02 17:45:02 +0000  Skipping step: IDEDistributionAppStoreInformationStep because it said so
2023-09-02 17:45:02 +0000  Processing step: IDEDistributionGenerateProcessedDistributionItems
2023-09-02 17:45:02 +0000  IDEDistributionItem init <DVTFilePath:0x60000443cbd0:'/var/folders/3h/s4704hwj62jfhx8jzlxt3wj40000gn/T/XcodeDistPipeline.~~~4YGXGA/Root/Payload/UniversityAI.app'>
2023-09-02 17:45:02 +0000  Processing step: IDEDistributionCreateManifestStep
